<?xml version="1.0" encoding="UTF-8"?>
<!-- Generated by org.testng.reporters.JUnitReportReporter -->
<testsuite skipped="0" hostname="rejasmac.fios-router.home" name="com.automationpractice.tests.login.LoginTests" tests="1" failures="0" timestamp="2021-11-01T22:05:07 EDT" time="5.602" errors="0">
  <testcase name="countCorrectNumberOfTextBoxInSignInPage" time="5.602" classname="com.automationpractice.tests.login.LoginTests"/>
  <system-out/>
</testsuite> <!-- com.automationpractice.tests.login.LoginTests -->
