<?xml version="1.0" encoding="UTF-8"?>
<!-- Generated by org.testng.reporters.JUnitReportReporter -->
<testsuite skipped="0" hostname="rejasmac.fios-router.home" name="com.automationpractice.tests.login.LoginTests" tests="1" failures="0" timestamp="2021-11-04T20:08:49 EDT" time="7.170" errors="0">
  <testcase name="countCorrectNumberOfTextBoxInSignInPage" time="7.170" classname="com.automationpractice.tests.login.LoginTests"/>
  <system-out/>
</testsuite> <!-- com.automationpractice.tests.login.LoginTests -->
